<?xml version="1.0" encoding="UTF-8"?>
<testng-results skipped="0" failed="0" ignored="0" total="1" passed="1">
  <reporter-output>
  </reporter-output>
  <suite name="Default suite" duration-ms="22295" started-at="2022-02-15T21:13:17 IST" finished-at="2022-02-15T21:13:39 IST">
    <groups>
      <group name="cucumber">
        <method signature="TestRunnerClass.feature(cucumber.api.testng.CucumberFeatureWrapper)[pri:0, instance:testRunner.TestRunnerClass@1060b431]" name="feature" class="testRunner.TestRunnerClass"/>
      </group> <!-- cucumber -->
    </groups>
    <test name="Default test" duration-ms="22295" started-at="2022-02-15T21:13:17 IST" finished-at="2022-02-15T21:13:39 IST">
      <class name="testRunner.TestRunnerClass">
        <test-method status="PASS" signature="setUpClass()[pri:0, instance:testRunner.TestRunnerClass@1060b431]" name="setUpClass" is-config="true" duration-ms="459" started-at="2022-02-15T21:13:17 IST" finished-at="2022-02-15T21:13:18 IST">
          <reporter-output>
          </reporter-output>
        </test-method> <!-- setUpClass -->
        <test-method status="PASS" signature="feature(cucumber.api.testng.CucumberFeatureWrapper)[pri:0, instance:testRunner.TestRunnerClass@1060b431]" name="feature" duration-ms="21567" started-at="2022-02-15T21:13:18 IST" description="Runs Cucumber Feature" data-provider="features" finished-at="2022-02-15T21:13:39 IST">
          <params>
            <param index="0">
              <value>
                <![CDATA[Login in Orange HRM System]]>
              </value>
            </param>
          </params>
          <reporter-output>
          </reporter-output>
        </test-method> <!-- feature -->
        <test-method status="PASS" signature="tearDown()[pri:0, instance:testRunner.TestRunnerClass@1060b431]" name="tearDown" is-config="true" duration-ms="41" started-at="2022-02-15T21:13:39 IST" finished-at="2022-02-15T21:13:39 IST">
          <reporter-output>
          </reporter-output>
        </test-method> <!-- tearDown -->
      </class> <!-- testRunner.TestRunnerClass -->
    </test> <!-- Default test -->
  </suite> <!-- Default suite -->
</testng-results>
